# JRE version: OpenJDK Runtime Environment (21.0.3) (build 21.0.3+-12282718-b509.11)
# Java VM: OpenJDK 64-Bit Server VM (21.0.3+-12282718-b509.11, mixed mode, tiered, compressed oops, compressed class ptrs, g1 gc, windows-amd64)
GC Precious Log:
 CardTable entry size: 512
 Card Set container configuration: InlinePtr #cards 5 size 8 Array Of Cards #cards 12 size 40 Howl #buckets 4 coarsen threshold 1843 Howl Bitmap #cards 512 size 80 coarsen threshold 460 Card regions per heap region 1 cards per card region 2048
 CPUs: 12 total, 12 available
 Memory: 5985M
 Large Page Support: Disabled
 NUMA Support: Disabled
 Compressed Oops: Enabled (32-bit)
 Heap Region Size: 1M
 Heap Min Capacity: 8M
 Heap Initial Capacity: 94M
 Heap Max Capacity: 2G
 Pre-touch: Disabled
 Parallel Workers: 10
 Concurrent Workers: 3
 Concurrent Refinement Workers: 10
 Periodic GC: Disabled
Heap:
 garbage-first heap   total 265216K, used 209017K [0x0000000080000000, 0x0000000100000000)
  region size 1024K, 66 young (67584K), 10 survivors (10240K)
 Metaspace       used 183488K, committed 185984K, reserved 1245184K
  class space    used 23458K, committed 24704K, reserved 1048576K
GC Heap History (20 events):
Event: 51.615 GC heap before
{Heap before GC invocations=49 (full 0):
 garbage-first heap   total 186368K, used 169890K [0x0000000080000000, 0x0000000100000000)
  region size 1024K, 59 young (60416K), 7 survivors (7168K)
 Metaspace       used 146202K, committed 148352K, reserved 1179648K
  class space    used 18735K, committed 19776K, reserved 1048576K
}
Event: 51.626 GC heap after
{Heap after GC invocations=50 (full 0):
 garbage-first heap   total 187392K, used 121767K [0x0000000080000000, 0x0000000100000000)
  region size 1024K, 7 young (7168K), 7 survivors (7168K)
 Metaspace       used 146202K, committed 148352K, reserved 1179648K
  class space    used 18735K, committed 19776K, reserved 1048576K
}
Event: 52.895 GC heap before
{Heap before GC invocations=50 (full 0):
 garbage-first heap   total 187392K, used 168871K [0x0000000080000000, 0x0000000100000000)
  region size 1024K, 53 young (54272K), 7 survivors (7168K)
 Metaspace       used 151387K, committed 153600K, reserved 1245184K
  class space    used 19250K, committed 20352K, reserved 1048576K
}
Event: 52.907 GC heap after
{Heap after GC invocations=51 (full 0):
 garbage-first heap   total 187392K, used 123369K [0x0000000080000000, 0x0000000100000000)
  region size 1024K, 2 young (2048K), 2 survivors (2048K)
 Metaspace       used 151387K, committed 153600K, reserved 1245184K
  class space    used 19250K, committed 20352K, reserved 1048576K
}
Event: 54.590 GC heap before
{Heap before GC invocations=52 (full 0):
 garbage-first heap   total 209920K, used 176617K [0x0000000080000000, 0x0000000100000000)
  region size 1024K, 49 young (50176K), 2 survivors (2048K)
 Metaspace       used 154770K, committed 157056K, reserved 1245184K
  class space    used 19787K, committed 20928K, reserved 1048576K
}
Event: 54.600 GC heap after
{Heap after GC invocations=53 (full 0):
 garbage-first heap   total 209920K, used 129108K [0x0000000080000000, 0x0000000100000000)
  region size 1024K, 7 young (7168K), 7 survivors (7168K)
 Metaspace       used 154770K, committed 157056K, reserved 1245184K
  class space    used 19787K, committed 20928K, reserved 1048576K
}
Event: 56.206 GC heap before
{Heap before GC invocations=53 (full 0):
 garbage-first heap   total 209920K, used 190548K [0x0000000080000000, 0x0000000100000000)
  region size 1024K, 66 young (67584K), 7 survivors (7168K)
 Metaspace       used 158851K, committed 161088K, reserved 1245184K
  class space    used 20307K, committed 21440K, reserved 1048576K
}
Event: 56.216 GC heap after
{Heap after GC invocations=54 (full 0):
 garbage-first heap   total 209920K, used 130613K [0x0000000080000000, 0x0000000100000000)
  region size 1024K, 4 young (4096K), 4 survivors (4096K)
 Metaspace       used 158851K, committed 161088K, reserved 1245184K
  class space    used 20307K, committed 21440K, reserved 1048576K
}
Event: 57.700 GC heap before
{Heap before GC invocations=54 (full 0):
 garbage-first heap   total 209920K, used 192053K [0x0000000080000000, 0x0000000100000000)
  region size 1024K, 64 young (65536K), 4 survivors (4096K)
 Metaspace       used 159370K, committed 161728K, reserved 1245184K
  class space    used 20341K, committed 21504K, reserved 1048576K
}
Event: 57.705 GC heap after
{Heap after GC invocations=55 (full 0):
 garbage-first heap   total 209920K, used 133119K [0x0000000080000000, 0x0000000100000000)
  region size 1024K, 6 young (6144K), 6 survivors (6144K)
 Metaspace       used 159370K, committed 161728K, reserved 1245184K
  class space    used 20341K, committed 21504K, reserved 1048576K
}
Event: 58.275 GC heap before
{Heap before GC invocations=56 (full 0):
 garbage-first heap   total 225280K, used 193535K [0x0000000080000000, 0x0000000100000000)
  region size 1024K, 64 young (65536K), 6 survivors (6144K)
 Metaspace       used 159781K, committed 162048K, reserved 1245184K
  class space    used 20373K, committed 21504K, reserved 1048576K
}
Event: 58.288 GC heap after
{Heap after GC invocations=57 (full 0):
 garbage-first heap   total 225280K, used 140287K [0x0000000080000000, 0x0000000100000000)
  region size 1024K, 8 young (8192K), 8 survivors (8192K)
 Metaspace       used 159781K, committed 162048K, reserved 1245184K
  class space    used 20373K, committed 21504K, reserved 1048576K
}
Event: 59.783 GC heap before
{Heap before GC invocations=57 (full 0):
 garbage-first heap   total 225280K, used 205823K [0x0000000080000000, 0x0000000100000000)
  region size 1024K, 72 young (73728K), 8 survivors (8192K)
 Metaspace       used 161714K, committed 164032K, reserved 1245184K
  class space    used 20493K, committed 21632K, reserved 1048576K
}
Event: 59.797 GC heap after
{Heap after GC invocations=58 (full 0):
 garbage-first heap   total 227328K, used 147610K [0x0000000080000000, 0x0000000100000000)
  region size 1024K, 9 young (9216K), 9 survivors (9216K)
 Metaspace       used 161714K, committed 164032K, reserved 1245184K
  class space    used 20493K, committed 21632K, reserved 1048576K
}
Event: 61.107 GC heap before
{Heap before GC invocations=58 (full 0):
 garbage-first heap   total 227328K, used 203930K [0x0000000080000000, 0x0000000100000000)
  region size 1024K, 65 young (66560K), 9 survivors (9216K)
 Metaspace       used 166754K, committed 169088K, reserved 1245184K
  class space    used 21066K, committed 22272K, reserved 1048576K
}
Event: 61.118 GC heap after
{Heap after GC invocations=59 (full 0):
 garbage-first heap   total 227328K, used 150534K [0x0000000080000000, 0x0000000100000000)
  region size 1024K, 4 young (4096K), 4 survivors (4096K)
 Metaspace       used 166754K, committed 169088K, reserved 1245184K
  class space    used 21066K, committed 22272K, reserved 1048576K
}
Event: 62.192 GC heap before
{Heap before GC invocations=60 (full 0):
 garbage-first heap   total 265216K, used 208902K [0x0000000080000000, 0x0000000100000000)
  region size 1024K, 60 young (61440K), 4 survivors (4096K)
 Metaspace       used 171276K, committed 173632K, reserved 1245184K
  class space    used 21847K, committed 23040K, reserved 1048576K
}
Event: 62.207 GC heap after
{Heap after GC invocations=61 (full 0):
 garbage-first heap   total 265216K, used 151936K [0x0000000080000000, 0x0000000100000000)
  region size 1024K, 5 young (5120K), 5 survivors (5120K)
 Metaspace       used 171276K, committed 173632K, reserved 1245184K
  class space    used 21847K, committed 23040K, reserved 1048576K
}
Event: 64.847 GC heap before
{Heap before GC invocations=61 (full 0):
 garbage-first heap   total 265216K, used 242048K [0x0000000080000000, 0x0000000100000000)
  region size 1024K, 93 young (95232K), 5 survivors (5120K)
 Metaspace       used 179236K, committed 181760K, reserved 1245184K
  class space    used 23007K, committed 24256K, reserved 1048576K
}
Event: 64.858 GC heap after
{Heap after GC invocations=62 (full 0):
 garbage-first heap   total 265216K, used 148601K [0x0000000080000000, 0x0000000100000000)
  region size 1024K, 10 young (10240K), 10 survivors (10240K)
 Metaspace       used 179236K, committed 181760K, reserved 1245184K
  class space    used 23007K, committed 24256K, reserved 1048576K
}

